{"level":"info","message":"[GET] /api/v1/tasks - 401 - 53ms","timestamp":"2025-07-23 22:31:01"}
{"level":"info","message":"[GET] /api/v1/tasks - 401 - 9ms","timestamp":"2025-07-23 22:31:35"}
{"level":"info","message":"[GET] /api/v1/tasks - 401 - 24ms","timestamp":"2025-07-23 22:35:28"}
{"level":"info","message":"[GET] /api/v1/tasks - 401 - 5ms","timestamp":"2025-07-23 22:35:40"}
{"level":"info","message":"[eyJhbGciOiJIUzI1NiIsInR5cCI6IkpXVCJ9.eyJpZCI6IjY4ODEwNmZjMzA4NThlNDM3YTk3ZmQ1NCIsImlhdCI6MTc1MzI4OTU2OSwiZXhwIjoxNzUzODk0MzY5fQ.MeohhOwuqv6bVc9cESB_eWp-khV_ulNsteL8Opwu51] ","timestamp":"2025-07-23 23:23:34"}
{"level":"info","message":"[GET] /api/v1/tasks - 401 - 159ms","timestamp":"2025-07-23 23:23:35"}
{"level":"info","message":"[eyJhbGciOiJIUzI1NiIsInR5cCI6IkpXVCJ9.eyJpZCI6IjY4ODEwNmZjMzA4NThlNDM3YTk3ZmQ1NCIsImlhdCI6MTc1MzI4OTU2OSwiZXhwIjoxNzUzODk0MzY5fQ.MeohhOwuqv6bVc9cESB_eWp-khV_ulNsteL8Opwu51] ","timestamp":"2025-07-23 23:24:50"}
{"level":"error","message":"invalid signature","name":"JsonWebTokenError","stack":"JsonWebTokenError: invalid signature\n    at D:\\Learn\\Hack2Skill_Backend\\node_modules\\jsonwebtoken\\verify.js:171:19\n    at getSecret (D:\\Learn\\Hack2Skill_Backend\\node_modules\\jsonwebtoken\\verify.js:97:14)\n    at module.exports [as verify] (D:\\Learn\\Hack2Skill_Backend\\node_modules\\jsonwebtoken\\verify.js:101:10)\n    at auth (D:\\Learn\\Hack2Skill_Backend\\middleware\\authMiddleware.js:11:25)\n    at Layer.handleRequest (D:\\Learn\\Hack2Skill_Backend\\node_modules\\router\\lib\\layer.js:152:17)\n    at next (D:\\Learn\\Hack2Skill_Backend\\node_modules\\router\\lib\\route.js:157:13)\n    at Route.dispatch (D:\\Learn\\Hack2Skill_Backend\\node_modules\\router\\lib\\route.js:117:3)\n    at handle (D:\\Learn\\Hack2Skill_Backend\\node_modules\\router\\index.js:435:11)\n    at Layer.handleRequest (D:\\Learn\\Hack2Skill_Backend\\node_modules\\router\\lib\\layer.js:152:17)\n    at D:\\Learn\\Hack2Skill_Backend\\node_modules\\router\\index.js:295:15","timestamp":"2025-07-23 23:24:50"}
{"level":"info","message":"[GET] /api/v1/tasks - 401 - 138ms","timestamp":"2025-07-23 23:24:50"}
{"level":"info","message":"[eyJhbGciOiJIUzI1NiIsInR5cCI6IkpXVCJ9.eyJpZCI6IjY4ODEwNmZjMzA4NThlNDM3YTk3ZmQ1NCIsImlhdCI6MTc1MzI4OTU2OSwiZXhwIjoxNzUzODk0MzY5fQ.MeohhOwuqv6bVc9cESB_eWp-khV_ulNsteL8Opwu51] ","timestamp":"2025-07-23 23:28:59"}
{"level":"error","message":"invalid signature","name":"JsonWebTokenError","stack":"JsonWebTokenError: invalid signature\n    at D:\\Learn\\Hack2Skill_Backend\\node_modules\\jsonwebtoken\\verify.js:171:19\n    at getSecret (D:\\Learn\\Hack2Skill_Backend\\node_modules\\jsonwebtoken\\verify.js:97:14)\n    at module.exports [as verify] (D:\\Learn\\Hack2Skill_Backend\\node_modules\\jsonwebtoken\\verify.js:101:10)\n    at auth (D:\\Learn\\Hack2Skill_Backend\\middleware\\authMiddleware.js:11:25)\n    at Layer.handleRequest (D:\\Learn\\Hack2Skill_Backend\\node_modules\\router\\lib\\layer.js:152:17)\n    at next (D:\\Learn\\Hack2Skill_Backend\\node_modules\\router\\lib\\route.js:157:13)\n    at Route.dispatch (D:\\Learn\\Hack2Skill_Backend\\node_modules\\router\\lib\\route.js:117:3)\n    at handle (D:\\Learn\\Hack2Skill_Backend\\node_modules\\router\\index.js:435:11)\n    at Layer.handleRequest (D:\\Learn\\Hack2Skill_Backend\\node_modules\\router\\lib\\layer.js:152:17)\n    at D:\\Learn\\Hack2Skill_Backend\\node_modules\\router\\index.js:295:15","timestamp":"2025-07-23 23:28:59"}
{"level":"info","message":"[GET] /api/v1/tasks - 401 - 24ms","timestamp":"2025-07-23 23:28:59"}
{"level":"info","message":"[eyJhbGciOiJIUzI1NiIsInR5cCI6IkpXVCJ9.eyJpZCI6IjY4ODEwNmZjMzA4NThlNDM3YTk3ZmQ1NCIsImlhdCI6MTc1MzI4OTU2OSwiZXhwIjoxNzUzODk0MzY5fQ.MeohhOwuqv6bVc9cESB_eWp-khV_ulNsteL8Opwu51] ","timestamp":"2025-07-23 23:29:38"}
{"level":"error","message":"invalid signature","name":"JsonWebTokenError","stack":"JsonWebTokenError: invalid signature\n    at D:\\Learn\\Hack2Skill_Backend\\node_modules\\jsonwebtoken\\verify.js:171:19\n    at getSecret (D:\\Learn\\Hack2Skill_Backend\\node_modules\\jsonwebtoken\\verify.js:97:14)\n    at module.exports [as verify] (D:\\Learn\\Hack2Skill_Backend\\node_modules\\jsonwebtoken\\verify.js:101:10)\n    at auth (D:\\Learn\\Hack2Skill_Backend\\middleware\\authMiddleware.js:12:25)\n    at Layer.handleRequest (D:\\Learn\\Hack2Skill_Backend\\node_modules\\router\\lib\\layer.js:152:17)\n    at next (D:\\Learn\\Hack2Skill_Backend\\node_modules\\router\\lib\\route.js:157:13)\n    at Route.dispatch (D:\\Learn\\Hack2Skill_Backend\\node_modules\\router\\lib\\route.js:117:3)\n    at handle (D:\\Learn\\Hack2Skill_Backend\\node_modules\\router\\index.js:435:11)\n    at Layer.handleRequest (D:\\Learn\\Hack2Skill_Backend\\node_modules\\router\\lib\\layer.js:152:17)\n    at D:\\Learn\\Hack2Skill_Backend\\node_modules\\router\\index.js:295:15","timestamp":"2025-07-23 23:29:38"}
{"level":"info","message":"[GET] /api/v1/tasks - 401 - 89ms","timestamp":"2025-07-23 23:29:38"}
{"level":"info","message":"[eyJhbGciOiJIUzI1NiIsInR5cCI6IkpXVCJ9.eyJpZCI6IjY4ODEwNmZjMzA4NThlNDM3YTk3ZmQ1NCIsImlhdCI6MTc1MzI4OTU2OSwiZXhwIjoxNzUzODk0MzY5fQ.MeohhOwuqv6bVc9cESB_eWp-khV_ulNsteL8Opwu51] ","timestamp":"2025-07-23 23:30:30"}
{"level":"error","message":"invalid signature","name":"JsonWebTokenError","stack":"JsonWebTokenError: invalid signature\n    at D:\\Learn\\Hack2Skill_Backend\\node_modules\\jsonwebtoken\\verify.js:171:19\n    at getSecret (D:\\Learn\\Hack2Skill_Backend\\node_modules\\jsonwebtoken\\verify.js:97:14)\n    at module.exports [as verify] (D:\\Learn\\Hack2Skill_Backend\\node_modules\\jsonwebtoken\\verify.js:101:10)\n    at auth (D:\\Learn\\Hack2Skill_Backend\\middleware\\authMiddleware.js:13:25)\n    at Layer.handleRequest (D:\\Learn\\Hack2Skill_Backend\\node_modules\\router\\lib\\layer.js:152:17)\n    at next (D:\\Learn\\Hack2Skill_Backend\\node_modules\\router\\lib\\route.js:157:13)\n    at Route.dispatch (D:\\Learn\\Hack2Skill_Backend\\node_modules\\router\\lib\\route.js:117:3)\n    at handle (D:\\Learn\\Hack2Skill_Backend\\node_modules\\router\\index.js:435:11)\n    at Layer.handleRequest (D:\\Learn\\Hack2Skill_Backend\\node_modules\\router\\lib\\layer.js:152:17)\n    at D:\\Learn\\Hack2Skill_Backend\\node_modules\\router\\index.js:295:15","timestamp":"2025-07-23 23:30:30"}
{"level":"info","message":"[GET] /api/v1/tasks - 500 - 111ms","timestamp":"2025-07-23 23:30:30"}
{"level":"info","message":"[eyJhbGciOiJIUzI1NiIsInR5cCI6IkpXVCJ9.eyJpZCI6IjY4ODEwNmZjMzA4NThlNDM3YTk3ZmQ1NCIsImlhdCI6MTc1MzI4OTU2OSwiZXhwIjoxNzUzODk0MzY5fQ.MeohhOwuqv6bVc9cESB_eWp-khV_ulNsteL8Opwu51] ","timestamp":"2025-07-23 23:31:01"}
{"level":"error","message":"invalid signature","name":"JsonWebTokenError","stack":"JsonWebTokenError: invalid signature\n    at D:\\Learn\\Hack2Skill_Backend\\node_modules\\jsonwebtoken\\verify.js:171:19\n    at getSecret (D:\\Learn\\Hack2Skill_Backend\\node_modules\\jsonwebtoken\\verify.js:97:14)\n    at module.exports [as verify] (D:\\Learn\\Hack2Skill_Backend\\node_modules\\jsonwebtoken\\verify.js:101:10)\n    at auth (D:\\Learn\\Hack2Skill_Backend\\middleware\\authMiddleware.js:13:25)\n    at Layer.handleRequest (D:\\Learn\\Hack2Skill_Backend\\node_modules\\router\\lib\\layer.js:152:17)\n    at next (D:\\Learn\\Hack2Skill_Backend\\node_modules\\router\\lib\\route.js:157:13)\n    at Route.dispatch (D:\\Learn\\Hack2Skill_Backend\\node_modules\\router\\lib\\route.js:117:3)\n    at handle (D:\\Learn\\Hack2Skill_Backend\\node_modules\\router\\index.js:435:11)\n    at Layer.handleRequest (D:\\Learn\\Hack2Skill_Backend\\node_modules\\router\\lib\\layer.js:152:17)\n    at D:\\Learn\\Hack2Skill_Backend\\node_modules\\router\\index.js:295:15","timestamp":"2025-07-23 23:31:01"}
{"level":"info","message":"[GET] /api/v1/tasks - 401 - 139ms","timestamp":"2025-07-23 23:31:01"}
{"level":"info","message":"[eyJhbGciOiJIUzI1NiIsInR5cCI6IkpXVCJ9.eyJpZCI6IjY4ODEwNmZjMzA4NThlNDM3YTk3ZmQ1NCIsImlhdCI6MTc1MzI4OTU2OSwiZXhwIjoxNzUzODk0MzY5fQ.MeohhOwuqv6bVc9cESB_eWp-khV_ulNsteL8Opwu51] ","timestamp":"2025-07-23 23:31:44"}
{"level":"error","message":"invalid signature","name":"JsonWebTokenError","stack":"JsonWebTokenError: invalid signature\n    at D:\\Learn\\Hack2Skill_Backend\\node_modules\\jsonwebtoken\\verify.js:171:19\n    at getSecret (D:\\Learn\\Hack2Skill_Backend\\node_modules\\jsonwebtoken\\verify.js:97:14)\n    at module.exports [as verify] (D:\\Learn\\Hack2Skill_Backend\\node_modules\\jsonwebtoken\\verify.js:101:10)\n    at auth (D:\\Learn\\Hack2Skill_Backend\\middleware\\authMiddleware.js:13:25)\n    at Layer.handleRequest (D:\\Learn\\Hack2Skill_Backend\\node_modules\\router\\lib\\layer.js:152:17)\n    at next (D:\\Learn\\Hack2Skill_Backend\\node_modules\\router\\lib\\route.js:157:13)\n    at Route.dispatch (D:\\Learn\\Hack2Skill_Backend\\node_modules\\router\\lib\\route.js:117:3)\n    at handle (D:\\Learn\\Hack2Skill_Backend\\node_modules\\router\\index.js:435:11)\n    at Layer.handleRequest (D:\\Learn\\Hack2Skill_Backend\\node_modules\\router\\lib\\layer.js:152:17)\n    at D:\\Learn\\Hack2Skill_Backend\\node_modules\\router\\index.js:295:15","timestamp":"2025-07-23 23:31:44"}
{"level":"info","message":"[GET] /api/v1/tasks - 401 - 155ms","timestamp":"2025-07-23 23:31:44"}
{"level":"info","message":"[eyJhbGciOiJIUzI1NiIsInR5cCI6IkpXVCJ9.eyJpZCI6IjY4ODEwNmZjMzA4NThlNDM3YTk3ZmQ1NCIsImlhdCI6MTc1MzI5Mzg2MiwiZXhwIjoxNzUzODk4NjYyfQ.LjQ9zRjHSsPDoHe5p3cuTVjcrYH79Eq2SIGKvCl5hn0] ","timestamp":"2025-07-23 23:34:22"}
{"level":"info","message":"[POST] /api/v1/auth/login - 200 - 660ms","timestamp":"2025-07-23 23:34:22"}
{"level":"info","message":"[eyJhbGciOiJIUzI1NiIsInR5cCI6IkpXVCJ9.eyJpZCI6IjY4ODEwNmZjMzA4NThlNDM3YTk3ZmQ1NCIsImlhdCI6MTc1MzI5Mzg2MiwiZXhwIjoxNzUzODk4NjYyfQ.LjQ9zRjHSsPDoHe5p3cuTVjcrYH79Eq2SIGKvCl5hn0] ","timestamp":"2025-07-23 23:34:38"}
{"level":"info","message":" [object Object] ","timestamp":"2025-07-23 23:34:38"}
{"level":"error","message":"User.findById is not a function","stack":"TypeError: User.findById is not a function\n    at auth (D:\\Learn\\Hack2Skill_Backend\\middleware\\authMiddleware.js:16:29)\n    at Layer.handleRequest (D:\\Learn\\Hack2Skill_Backend\\node_modules\\router\\lib\\layer.js:152:17)\n    at next (D:\\Learn\\Hack2Skill_Backend\\node_modules\\router\\lib\\route.js:157:13)\n    at Route.dispatch (D:\\Learn\\Hack2Skill_Backend\\node_modules\\router\\lib\\route.js:117:3)\n    at handle (D:\\Learn\\Hack2Skill_Backend\\node_modules\\router\\index.js:435:11)\n    at Layer.handleRequest (D:\\Learn\\Hack2Skill_Backend\\node_modules\\router\\lib\\layer.js:152:17)\n    at D:\\Learn\\Hack2Skill_Backend\\node_modules\\router\\index.js:295:15\n    at processParams (D:\\Learn\\Hack2Skill_Backend\\node_modules\\router\\index.js:582:12)\n    at next (D:\\Learn\\Hack2Skill_Backend\\node_modules\\router\\index.js:291:5)\n    at Function.handle (D:\\Learn\\Hack2Skill_Backend\\node_modules\\router\\index.js:186:3)","timestamp":"2025-07-23 23:34:38"}
{"level":"info","message":"[GET] /api/v1/tasks - 401 - 92ms","timestamp":"2025-07-23 23:34:38"}
{"level":"info","message":"[eyJhbGciOiJIUzI1NiIsInR5cCI6IkpXVCJ9.eyJpZCI6IjY4ODEwNmZjMzA4NThlNDM3YTk3ZmQ1NCIsImlhdCI6MTc1MzI5Mzg2MiwiZXhwIjoxNzUzODk4NjYyfQ.LjQ9zRjHSsPDoHe5p3cuTVjcrYH79Eq2SIGKvCl5hn0] ","timestamp":"2025-07-23 23:37:25"}
{"level":"info","message":" [object Object] ","timestamp":"2025-07-23 23:37:25"}
{"level":"info","message":"[GET] /api/v1/tasks - 200 - 264ms","timestamp":"2025-07-23 23:37:25"}
{"level":"info","message":"[eyJhbGciOiJIUzI1NiIsInR5cCI6IkpXVCJ9.eyJpZCI6IjY4ODEwNmZjMzA4NThlNDM3YTk3ZmQ1NCIsImlhdCI6MTc1MzI5NDE3NywiZXhwIjoxNzUzODk4OTc3fQ.RyyZD5PuEaYFcuE6f8awZx6aFjC7ENZUficy9D-6aJY] ","timestamp":"2025-07-23 23:39:37"}
{"level":"info","message":"[POST] /api/v1/auth/login - 200 - 787ms","timestamp":"2025-07-23 23:39:37"}
{"level":"info","message":"[eyJhbGciOiJIUzI1NiIsInR5cCI6IkpXVCJ9.eyJpZCI6IjY4ODEwNmZjMzA4NThlNDM3YTk3ZmQ1NCIsImlhdCI6MTc1MzI5NDE3NywiZXhwIjoxNzUzODk4OTc3fQ.RyyZD5PuEaYFcuE6f8awZx6aFjC7ENZUficy9D-6aJY] ","timestamp":"2025-07-23 23:39:50"}
{"level":"info","message":" [object Object] ","timestamp":"2025-07-23 23:39:50"}
{"level":"info","message":"[GET] /api/v1/tasks - 200 - 129ms","timestamp":"2025-07-23 23:39:50"}
{"level":"info","message":"[POST] /api/v1/auth/register - 400 - 115ms","timestamp":"2025-07-23 23:45:46"}
{"level":"info","message":"[POST] /api/v1/auth/register - 400 - 124ms","timestamp":"2025-07-23 23:46:21"}
{"level":"info","message":"[POST] /api/v1/auth/register - 201 - 575ms","timestamp":"2025-07-23 23:46:27"}
{"level":"info","message":"[eyJhbGciOiJIUzI1NiIsInR5cCI6IkpXVCJ9.eyJpZCI6IjY4ODEyNmZiNjcxNmJmNWRkYzAxNTBmNSIsImlhdCI6MTc1MzI5NDU4NywiZXhwIjoxNzUzODk5Mzg3fQ.0M9MbAkyENoZc2Zo2bpw313Y2o9UzwSUq-F5jIV_MhI] ","timestamp":"2025-07-23 23:47:39"}
{"level":"info","message":" [object Object] ","timestamp":"2025-07-23 23:47:39"}
{"level":"info","message":"[GET] /api/v1/tasks - 200 - 144ms","timestamp":"2025-07-23 23:47:39"}
{"level":"info","message":"[eyJhbGciOiJIUzI1NiIsInR5cCI6IkpXVCJ9.eyJpZCI6IjY4ODEyNmZiNjcxNmJmNWRkYzAxNTBmNSIsImlhdCI6MTc1MzI5NDU4NywiZXhwIjoxNzUzODk5Mzg3fQ.0M9MbAkyENoZc2Zo2bpw313Y2o9UzwSUq-F5jIV_MhI] ","timestamp":"2025-07-23 23:53:58"}
{"level":"info","message":" [object Object] ","timestamp":"2025-07-23 23:53:58"}
{"level":"info","message":"[POST] /api/v1/tasks - 201 - 506ms","timestamp":"2025-07-23 23:53:59"}
{"level":"info","message":"[eyJhbGciOiJIUzI1NiIsInR5cCI6IkpXVCJ9.eyJpZCI6IjY4ODEyNmZiNjcxNmJmNWRkYzAxNTBmNSIsImlhdCI6MTc1MzI5NDU4NywiZXhwIjoxNzUzODk5Mzg3fQ.0M9MbAkyENoZc2Zo2bpw313Y2o9UzwSUq-F5jIV_MhI] ","timestamp":"2025-07-23 23:54:14"}
{"level":"info","message":" [object Object] ","timestamp":"2025-07-23 23:54:14"}
{"level":"info","message":"[GET] /api/v1/tasks - 200 - 130ms","timestamp":"2025-07-23 23:54:14"}
{"level":"info","message":"[eyJhbGciOiJIUzI1NiIsInR5cCI6IkpXVCJ9.eyJpZCI6IjY4ODEyNmZiNjcxNmJmNWRkYzAxNTBmNSIsImlhdCI6MTc1MzI5NDU4NywiZXhwIjoxNzUzODk5Mzg3fQ.0M9MbAkyENoZc2Zo2bpw313Y2o9UzwSUq-F5jIV_MhI] ","timestamp":"2025-07-23 23:54:24"}
{"level":"info","message":" [object Object] ","timestamp":"2025-07-23 23:54:24"}
{"level":"info","message":"[POST] /api/v1/tasks - 201 - 228ms","timestamp":"2025-07-23 23:54:25"}
{"level":"info","message":"[eyJhbGciOiJIUzI1NiIsInR5cCI6IkpXVCJ9.eyJpZCI6IjY4ODEyNmZiNjcxNmJmNWRkYzAxNTBmNSIsImlhdCI6MTc1MzI5NDU4NywiZXhwIjoxNzUzODk5Mzg3fQ.0M9MbAkyENoZc2Zo2bpw313Y2o9UzwSUq-F5jIV_MhI] ","timestamp":"2025-07-23 23:54:29"}
{"level":"info","message":" [object Object] ","timestamp":"2025-07-23 23:54:29"}
{"level":"info","message":"[POST] /api/v1/tasks - 201 - 223ms","timestamp":"2025-07-23 23:54:29"}
{"level":"info","message":"[eyJhbGciOiJIUzI1NiIsInR5cCI6IkpXVCJ9.eyJpZCI6IjY4ODEyNmZiNjcxNmJmNWRkYzAxNTBmNSIsImlhdCI6MTc1MzI5NDU4NywiZXhwIjoxNzUzODk5Mzg3fQ.0M9MbAkyENoZc2Zo2bpw313Y2o9UzwSUq-F5jIV_MhI] ","timestamp":"2025-07-23 23:54:35"}
{"level":"info","message":" [object Object] ","timestamp":"2025-07-23 23:54:35"}
{"level":"info","message":"[GET] /api/v1/tasks - 200 - 152ms","timestamp":"2025-07-23 23:54:35"}
{"level":"info","message":"[eyJhbGciOiJIUzI1NiIsInR5cCI6IkpXVCJ9.eyJpZCI6IjY4ODEyNmZiNjcxNmJmNWRkYzAxNTBmNSIsImlhdCI6MTc1MzI5NDU4NywiZXhwIjoxNzUzODk5Mzg3fQ.0M9MbAkyENoZc2Zo2bpw313Y2o9UzwSUq-F5jIV_MhI] ","timestamp":"2025-07-24 00:02:07"}
{"level":"info","message":" [object Object] ","timestamp":"2025-07-24 00:02:07"}
{"level":"info","message":"[POST] /api/v1/tasks - 500 - 355ms","timestamp":"2025-07-24 00:02:08"}
{"level":"info","message":"[eyJhbGciOiJIUzI1NiIsInR5cCI6IkpXVCJ9.eyJpZCI6IjY4ODEyNmZiNjcxNmJmNWRkYzAxNTBmNSIsImlhdCI6MTc1MzI5NDU4NywiZXhwIjoxNzUzODk5Mzg3fQ.0M9MbAkyENoZc2Zo2bpw313Y2o9UzwSUq-F5jIV_MhI] ","timestamp":"2025-07-24 00:03:17"}
{"level":"info","message":" [object Object] ","timestamp":"2025-07-24 00:03:17"}
{"level":"info","message":"[POST] /api/v1/tasks - 201 - 455ms","timestamp":"2025-07-24 00:03:17"}
{"level":"info","message":"[eyJhbGciOiJIUzI1NiIsInR5cCI6IkpXVCJ9.eyJpZCI6IjY4ODEyNmZiNjcxNmJmNWRkYzAxNTBmNSIsImlhdCI6MTc1MzI5NDU4NywiZXhwIjoxNzUzODk5Mzg3fQ.0M9MbAkyENoZc2Zo2bpw313Y2o9UzwSUq-F5jIV_MhI] ","timestamp":"2025-07-24 00:03:27"}
{"level":"info","message":" [object Object] ","timestamp":"2025-07-24 00:03:27"}
{"level":"info","message":"[GET] /api/v1/tasks - 200 - 141ms","timestamp":"2025-07-24 00:03:27"}
{"level":"info","message":"[eyJhbGciOiJIUzI1NiIsInR5cCI6IkpXVCJ9.eyJpZCI6IjY4ODEyNmZiNjcxNmJmNWRkYzAxNTBmNSIsImlhdCI6MTc1MzI5NDU4NywiZXhwIjoxNzUzODk5Mzg3fQ.0M9MbAkyENoZc2Zo2bpw313Y2o9UzwSUq-F5jIV_MhI] ","timestamp":"2025-07-24 00:08:09"}
{"level":"info","message":" [object Object] ","timestamp":"2025-07-24 00:08:09"}
{"level":"info","message":"[PUT] /api/v1/tasks/68812aed0c03f9e291b2ec08 - 200 - 353ms","timestamp":"2025-07-24 00:08:09"}
{"level":"info","message":"[eyJhbGciOiJIUzI1NiIsInR5cCI6IkpXVCJ9.eyJpZCI6IjY4ODEyNmZiNjcxNmJmNWRkYzAxNTBmNSIsImlhdCI6MTc1MzI5NDU4NywiZXhwIjoxNzUzODk5Mzg3fQ.0M9MbAkyENoZc2Zo2bpw313Y2o9UzwSUq-F5jIV_MhI] ","timestamp":"2025-07-24 00:08:20"}
{"level":"info","message":" [object Object] ","timestamp":"2025-07-24 00:08:20"}
{"level":"info","message":"[GET] /api/v1/tasks - 200 - 136ms","timestamp":"2025-07-24 00:08:20"}
{"level":"info","message":"[PUT] /api/v1/tasks/68812aed0c03f9e291b2ec08 - 400 - 10ms","timestamp":"2025-07-24 00:09:20"}
{"level":"info","message":"[eyJhbGciOiJIUzI1NiIsInR5cCI6IkpXVCJ9.eyJpZCI6IjY4ODEyNmZiNjcxNmJmNWRkYzAxNTBmNSIsImlhdCI6MTc1MzI5NDU4NywiZXhwIjoxNzUzODk5Mzg3fQ.0M9MbAkyENoZc2Zo2bpw313Y2o9UzwSUq-F5jIV_MhI] ","timestamp":"2025-07-24 00:09:26"}
{"level":"info","message":" [object Object] ","timestamp":"2025-07-24 00:09:26"}
{"level":"info","message":"[PUT] /api/v1/tasks/68812aed0c03f9e291b2ec08 - 200 - 338ms","timestamp":"2025-07-24 00:09:26"}
{"level":"info","message":"[eyJhbGciOiJIUzI1NiIsInR5cCI6IkpXVCJ9.eyJpZCI6IjY4ODEyNmZiNjcxNmJmNWRkYzAxNTBmNSIsImlhdCI6MTc1MzI5NDU4NywiZXhwIjoxNzUzODk5Mzg3fQ.0M9MbAkyENoZc2Zo2bpw313Y2o9UzwSUq-F5jIV_MhI] ","timestamp":"2025-07-24 00:10:01"}
{"level":"info","message":" [object Object] ","timestamp":"2025-07-24 00:10:01"}
{"level":"info","message":"[PUT] /api/v1/tasks/68812aed0c03f9e291b2ec08 - 200 - 237ms","timestamp":"2025-07-24 00:10:01"}
{"level":"info","message":"[eyJhbGciOiJIUzI1NiIsInR5cCI6IkpXVCJ9.eyJpZCI6IjY4ODEyNmZiNjcxNmJmNWRkYzAxNTBmNSIsImlhdCI6MTc1MzI5NDU4NywiZXhwIjoxNzUzODk5Mzg3fQ.0M9MbAkyENoZc2Zo2bpw313Y2o9UzwSUq-F5jIV_MhI] ","timestamp":"2025-07-24 00:14:48"}
{"level":"info","message":" [object Object] ","timestamp":"2025-07-24 00:14:48"}
{"level":"info","message":"[DELETE] /api/v1/tasks/68812aed0c03f9e291b2ec08 - 200 - 542ms","timestamp":"2025-07-24 00:14:48"}
{"level":"info","message":"[eyJhbGciOiJIUzI1NiIsInR5cCI6IkpXVCJ9.eyJpZCI6IjY4ODEyNmZiNjcxNmJmNWRkYzAxNTBmNSIsImlhdCI6MTc1MzI5NDU4NywiZXhwIjoxNzUzODk5Mzg3fQ.0M9MbAkyENoZc2Zo2bpw313Y2o9UzwSUq-F5jIV_MhI] ","timestamp":"2025-07-24 00:15:02"}
{"level":"info","message":" [object Object] ","timestamp":"2025-07-24 00:15:02"}
{"level":"info","message":"[GET] /api/v1/tasks - 200 - 121ms","timestamp":"2025-07-24 00:15:02"}
